0 verbose cli /usr/local/bin/node /usr/local/bin/npm
1 info using npm@10.8.2
2 info using node@v20.19.5
3 silly config load:file:/usr/local/lib/node_modules/npm/npmrc
4 silly config load:file:/data/.npmrc
5 silly config load:file:/usr/src/node-red/.npmrc
6 silly config load:file:/usr/local/etc/npmrc
7 verbose title npm install node-red-contrib-buffer-parser@3.2.2
8 verbose argv "install" "--no-audit" "--no-update-notifier" "--no-fund" "--save" "--save-prefix" "~" "--omit" "dev" "--engine-strict" "node-red-contrib-buffer-parser@3.2.2"
9 verbose logfile logs-max:10 dir:/data/.npm/_logs/2025-11-05T20_27_54_682Z-
10 verbose logfile /data/.npm/_logs/2025-11-05T20_27_54_682Z-debug-0.log
11 silly packumentCache heap:2197815296 maxSize:549453824 maxEntrySize:274726912
12 silly logfile done cleaning log files
13 silly idealTree buildDeps
14 silly fetch manifest node-red-contrib-buffer-parser@3.2.2
15 silly packumentCache full:https://registry.npmjs.org/node-red-contrib-buffer-parser cache-miss
16 http fetch GET 200 https://registry.npmjs.org/node-red-contrib-buffer-parser 955ms (cache miss)
17 silly packumentCache full:https://registry.npmjs.org/node-red-contrib-buffer-parser set size:undefined disposed:false
18 silly placeDep ROOT node-red-contrib-buffer-parser@3.2.2 OK for: node-red-project@0.0.1 want: 3.2.2
19 silly reify moves {}
20 silly tarball no local data for node-red-contrib-buffer-parser@https://registry.npmjs.org/node-red-contrib-buffer-parser/-/node-red-contrib-buffer-parser-3.2.2.tgz. Extracting by manifest.
21 http fetch GET 200 https://registry.npmjs.org/node-red-contrib-buffer-parser/-/node-red-contrib-buffer-parser-3.2.2.tgz 197ms (cache miss)
22 silly ADD node_modules/node-red-contrib-buffer-parser
23 verbose cwd /data
24 verbose os Linux 6.12.25+rpt-rpi-2712
25 verbose node v20.19.5
26 verbose npm  v10.8.2
27 verbose exit 0
28 info ok
