0 verbose cli /usr/local/bin/node /usr/local/bin/npm
1 info using npm@10.8.2
2 info using node@v20.19.5
3 silly config load:file:/usr/local/lib/node_modules/npm/npmrc
4 silly config load:file:/data/.npmrc
5 silly config load:file:/usr/src/node-red/.npmrc
6 silly config load:file:/usr/local/etc/npmrc
7 verbose title npm install node-red-contrib-modbus@5.45.2
8 verbose argv "install" "--no-audit" "--no-update-notifier" "--no-fund" "--save" "--save-prefix" "~" "--omit" "dev" "--engine-strict" "node-red-contrib-modbus@5.45.2"
9 verbose logfile logs-max:10 dir:/data/.npm/_logs/2025-11-05T17_38_29_378Z-
10 verbose logfile /data/.npm/_logs/2025-11-05T17_38_29_378Z-debug-0.log
11 silly packumentCache heap:2197815296 maxSize:549453824 maxEntrySize:274726912
12 silly logfile done cleaning log files
13 silly idealTree buildDeps
14 silly fetch manifest node-red-contrib-modbus@5.45.2
15 silly packumentCache full:https://registry.npmjs.org/node-red-contrib-modbus cache-miss
16 http fetch GET 200 https://registry.npmjs.org/node-red-contrib-modbus 258ms (cache miss)
17 silly packumentCache full:https://registry.npmjs.org/node-red-contrib-modbus set size:undefined disposed:false
18 silly placeDep ROOT node-red-contrib-modbus@5.45.2 OK for: node-red-project@0.0.1 want: 5.45.2
19 silly fetch manifest @openp4nr/modbus-serial@https://dl.cloudsmith.io/public/iniationware-gmbh/plus4nodered/npm/openp4nr/modbus-serial/8.4.0/openp4nr-modbus-serial-8.4.0.tgz
20 silly fetch manifest @xstate/fsm@~2.1.0
21 silly packumentCache full:https://registry.npmjs.org/@xstate%2ffsm cache-miss
22 silly fetch manifest bson@~6.9.0
23 silly packumentCache full:https://registry.npmjs.org/bson cache-miss
24 http fetch GET 200 https://dl.cloudsmith.io/public/iniationware-gmbh/plus4nodered/npm/openp4nr/modbus-serial/8.4.0/openp4nr-modbus-serial-8.4.0.tgz 183ms (cache miss)
25 silly fetch manifest debug@~4.3.7
26 silly packumentCache full:https://registry.npmjs.org/debug cache-miss
27 http fetch GET 200 https://registry.npmjs.org/@xstate%2ffsm 207ms (cache miss)
28 silly packumentCache full:https://registry.npmjs.org/@xstate%2ffsm set size:undefined disposed:false
29 silly fetch manifest jsmodbus@~4.0.10
30 silly packumentCache full:https://registry.npmjs.org/jsmodbus cache-miss
31 http fetch GET 200 https://registry.npmjs.org/bson 211ms (cache miss)
32 silly packumentCache full:https://registry.npmjs.org/bson set size:undefined disposed:false
33 silly fetch manifest line-by-line@~0.1.6
34 silly packumentCache full:https://registry.npmjs.org/line-by-line cache-miss
35 http fetch GET 200 https://registry.npmjs.org/line-by-line 104ms (cache miss)
36 silly packumentCache full:https://registry.npmjs.org/line-by-line set size:undefined disposed:false
37 silly fetch manifest source-map-support@~0.5.21
38 silly packumentCache full:https://registry.npmjs.org/source-map-support cache-miss
39 http fetch GET 200 https://registry.npmjs.org/debug 133ms (cache revalidated)
40 silly packumentCache full:https://registry.npmjs.org/debug set size:195840 disposed:false
41 silly fetch manifest underscore@~1.13.7
42 silly packumentCache full:https://registry.npmjs.org/underscore cache-miss
43 http fetch GET 200 https://registry.npmjs.org/source-map-support 47ms (cache miss)
44 silly packumentCache full:https://registry.npmjs.org/source-map-support set size:undefined disposed:false
45 silly fetch manifest @serialport/list@~12.0.0
46 silly packumentCache full:https://registry.npmjs.org/@serialport%2flist cache-miss
47 http fetch GET 200 https://registry.npmjs.org/underscore 89ms (cache miss)
48 silly packumentCache full:https://registry.npmjs.org/underscore set size:undefined disposed:false
49 silly fetch manifest serialport@~12.0.0
50 silly packumentCache full:https://registry.npmjs.org/serialport cache-miss
51 http fetch GET 200 https://registry.npmjs.org/serialport 96ms (cache miss)
52 silly packumentCache full:https://registry.npmjs.org/serialport set size:undefined disposed:false
53 http fetch GET 200 https://registry.npmjs.org/jsmodbus 575ms (cache miss)
54 silly packumentCache full:https://registry.npmjs.org/jsmodbus set size:undefined disposed:false
55 http fetch GET 200 https://registry.npmjs.org/@serialport%2flist 1513ms (cache miss)
56 silly packumentCache full:https://registry.npmjs.org/@serialport%2flist set size:undefined disposed:false
57 silly placeDep ROOT @openp4nr/modbus-serial@8.4.0 OK for: node-red-contrib-modbus@5.45.2 want: https://dl.cloudsmith.io/public/iniationware-gmbh/plus4nodered/npm/openp4nr/modbus-serial/8.4.0/openp4nr-modbus-serial-8.4.0.tgz
58 silly placeDep ROOT @serialport/list@12.0.0 OK for: node-red-contrib-modbus@5.45.2 want: ~12.0.0
59 silly placeDep ROOT @xstate/fsm@2.1.0 OK for: node-red-contrib-modbus@5.45.2 want: ~2.1.0
60 silly placeDep ROOT bson@6.9.1 OK for: node-red-contrib-modbus@5.45.2 want: ~6.9.0
61 silly placeDep node_modules/node-red-contrib-modbus debug@4.3.7 OK for: node-red-contrib-modbus@5.45.2 want: ~4.3.7
62 silly placeDep ROOT jsmodbus@4.0.10 OK for: node-red-contrib-modbus@5.45.2 want: ~4.0.10
63 silly placeDep ROOT line-by-line@0.1.6 OK for: node-red-contrib-modbus@5.45.2 want: ~0.1.6
64 silly placeDep ROOT serialport@12.0.0 OK for: node-red-contrib-modbus@5.45.2 want: ~12.0.0
65 silly placeDep ROOT source-map-support@0.5.21 OK for: node-red-contrib-modbus@5.45.2 want: ~0.5.21
66 silly placeDep ROOT underscore@1.13.7 OK for: node-red-contrib-modbus@5.45.2 want: ~1.13.7
67 silly fetch manifest serialport@^10.4.0
68 silly packumentCache full:https://registry.npmjs.org/serialport cache-miss
69 silly fetch manifest commander@11.0.0
70 silly packumentCache full:https://registry.npmjs.org/commander cache-miss
71 silly fetch manifest @serialport/bindings-cpp@12.0.1
72 silly packumentCache full:https://registry.npmjs.org/@serialport%2fbindings-cpp cache-miss
73 http fetch GET 200 https://registry.npmjs.org/serialport 9ms (cache hit)
74 silly packumentCache full:https://registry.npmjs.org/serialport set size:490346 disposed:false
75 silly fetch manifest crc@3.4.0
76 silly packumentCache full:https://registry.npmjs.org/crc cache-miss
77 http fetch GET 200 https://registry.npmjs.org/commander 99ms (cache miss)
78 silly packumentCache full:https://registry.npmjs.org/commander set size:undefined disposed:false
79 silly fetch manifest debug@^3.1.0
80 silly packumentCache full:https://registry.npmjs.org/debug cache-hit
81 silly fetch manifest debug@4.3.4
82 silly packumentCache full:https://registry.npmjs.org/debug cache-hit
83 silly fetch manifest @serialport/stream@12.0.0
84 silly packumentCache full:https://registry.npmjs.org/@serialport%2fstream cache-miss
85 http fetch GET 200 https://registry.npmjs.org/crc 100ms (cache miss)
86 silly packumentCache full:https://registry.npmjs.org/crc set size:undefined disposed:false
87 silly fetch manifest @serialport/binding-mock@10.2.2
88 silly packumentCache full:https://registry.npmjs.org/@serialport%2fbinding-mock cache-miss
89 http fetch GET 200 https://registry.npmjs.org/@serialport%2fbindings-cpp 150ms (cache miss)
90 silly packumentCache full:https://registry.npmjs.org/@serialport%2fbindings-cpp set size:undefined disposed:false
91 silly fetch manifest @serialport/parser-ready@12.0.0
92 silly packumentCache full:https://registry.npmjs.org/@serialport%2fparser-ready cache-miss
93 http fetch GET 200 https://registry.npmjs.org/@serialport%2fstream 133ms (cache miss)
94 silly packumentCache full:https://registry.npmjs.org/@serialport%2fstream set size:undefined disposed:false
95 silly fetch manifest @serialport/parser-regex@12.0.0
96 silly packumentCache full:https://registry.npmjs.org/@serialport%2fparser-regex cache-miss
97 http fetch GET 200 https://registry.npmjs.org/@serialport%2fbinding-mock 173ms (cache miss)
98 silly packumentCache full:https://registry.npmjs.org/@serialport%2fbinding-mock set size:undefined disposed:false
99 silly fetch manifest @serialport/parser-cctalk@12.0.0
100 silly packumentCache full:https://registry.npmjs.org/@serialport%2fparser-cctalk cache-miss
101 http fetch GET 200 https://registry.npmjs.org/@serialport%2fparser-ready 140ms (cache miss)
102 silly packumentCache full:https://registry.npmjs.org/@serialport%2fparser-ready set size:undefined disposed:false
103 silly fetch manifest @serialport/parser-readline@12.0.0
104 silly packumentCache full:https://registry.npmjs.org/@serialport%2fparser-readline cache-miss
105 http fetch GET 200 https://registry.npmjs.org/@serialport%2fparser-regex 137ms (cache miss)
106 silly packumentCache full:https://registry.npmjs.org/@serialport%2fparser-regex set size:undefined disposed:false
107 silly fetch manifest @serialport/parser-delimiter@12.0.0
108 silly packumentCache full:https://registry.npmjs.org/@serialport%2fparser-delimiter cache-miss
109 http fetch GET 200 https://registry.npmjs.org/@serialport%2fparser-readline 113ms (cache miss)
110 silly packumentCache full:https://registry.npmjs.org/@serialport%2fparser-readline set size:undefined disposed:false
111 silly fetch manifest @serialport/parser-byte-length@12.0.0
112 silly packumentCache full:https://registry.npmjs.org/@serialport%2fparser-byte-length cache-miss
113 http fetch GET 200 https://registry.npmjs.org/@serialport%2fparser-cctalk 142ms (cache miss)
114 silly packumentCache full:https://registry.npmjs.org/@serialport%2fparser-cctalk set size:undefined disposed:false
115 silly fetch manifest @serialport/parser-spacepacket@12.0.0
116 silly packumentCache full:https://registry.npmjs.org/@serialport%2fparser-spacepacket cache-miss
117 http fetch GET 200 https://registry.npmjs.org/@serialport%2fparser-delimiter 90ms (cache miss)
118 silly packumentCache full:https://registry.npmjs.org/@serialport%2fparser-delimiter set size:undefined disposed:false
119 silly fetch manifest @serialport/parser-slip-encoder@12.0.0
120 silly packumentCache full:https://registry.npmjs.org/@serialport%2fparser-slip-encoder cache-miss
121 http fetch GET 200 https://registry.npmjs.org/@serialport%2fparser-byte-length 150ms (cache miss)
122 silly packumentCache full:https://registry.npmjs.org/@serialport%2fparser-byte-length set size:undefined disposed:false
123 silly fetch manifest @serialport/parser-packet-length@12.0.0
124 silly packumentCache full:https://registry.npmjs.org/@serialport%2fparser-packet-length cache-miss
125 http fetch GET 200 https://registry.npmjs.org/@serialport%2fparser-slip-encoder 99ms (cache miss)
126 silly packumentCache full:https://registry.npmjs.org/@serialport%2fparser-slip-encoder set size:undefined disposed:false
127 silly fetch manifest @serialport/parser-inter-byte-timeout@12.0.0
128 silly packumentCache full:https://registry.npmjs.org/@serialport%2fparser-inter-byte-timeout cache-miss
129 http fetch GET 200 https://registry.npmjs.org/@serialport%2fparser-spacepacket 140ms (cache miss)
130 silly packumentCache full:https://registry.npmjs.org/@serialport%2fparser-spacepacket set size:undefined disposed:false
131 silly fetch manifest buffer-from@^1.0.0
132 silly packumentCache full:https://registry.npmjs.org/buffer-from cache-miss
133 http fetch GET 200 https://registry.npmjs.org/@serialport%2fparser-packet-length 108ms (cache miss)
134 silly packumentCache full:https://registry.npmjs.org/@serialport%2fparser-packet-length set size:undefined disposed:false
135 silly fetch manifest source-map@^0.6.0
136 silly packumentCache full:https://registry.npmjs.org/source-map cache-miss
137 http fetch GET 200 https://registry.npmjs.org/buffer-from 93ms (cache miss)
138 silly packumentCache full:https://registry.npmjs.org/buffer-from set size:undefined disposed:false
139 http fetch GET 200 https://registry.npmjs.org/@serialport%2fparser-inter-byte-timeout 143ms (cache miss)
140 silly packumentCache full:https://registry.npmjs.org/@serialport%2fparser-inter-byte-timeout set size:undefined disposed:false
141 http fetch GET 200 https://registry.npmjs.org/source-map 50ms (cache miss)
142 silly packumentCache full:https://registry.npmjs.org/source-map set size:undefined disposed:false
143 silly placeDep node_modules/@openp4nr/modbus-serial serialport@10.5.0 OK for: @openp4nr/modbus-serial@8.4.0 want: ^10.4.0
144 silly fetch manifest @serialport/stream@10.5.0
145 silly packumentCache full:https://registry.npmjs.org/@serialport%2fstream cache-miss
146 silly fetch manifest @serialport/bindings-cpp@10.8.0
147 silly packumentCache full:https://registry.npmjs.org/@serialport%2fbindings-cpp cache-miss
148 silly fetch manifest @serialport/parser-ready@10.5.0
149 silly packumentCache full:https://registry.npmjs.org/@serialport%2fparser-ready cache-miss
150 http fetch GET 200 https://registry.npmjs.org/@serialport%2fstream 17ms (cache hit)
151 silly packumentCache full:https://registry.npmjs.org/@serialport%2fstream set size:75131 disposed:false
152 silly fetch manifest @serialport/parser-regex@10.5.0
153 silly packumentCache full:https://registry.npmjs.org/@serialport%2fparser-regex cache-miss
154 http fetch GET 200 https://registry.npmjs.org/@serialport%2fbindings-cpp 24ms (cache hit)
155 silly packumentCache full:https://registry.npmjs.org/@serialport%2fbindings-cpp set size:141588 disposed:false
156 silly fetch manifest @serialport/parser-cctalk@10.5.0
157 silly packumentCache full:https://registry.npmjs.org/@serialport%2fparser-cctalk cache-miss
158 http fetch GET 200 https://registry.npmjs.org/@serialport%2fparser-ready 26ms (cache hit)
159 silly packumentCache full:https://registry.npmjs.org/@serialport%2fparser-ready set size:58179 disposed:false
160 silly fetch manifest @serialport/parser-readline@10.5.0
161 silly packumentCache full:https://registry.npmjs.org/@serialport%2fparser-readline cache-miss
162 http fetch GET 200 https://registry.npmjs.org/@serialport%2fparser-regex 18ms (cache hit)
163 silly packumentCache full:https://registry.npmjs.org/@serialport%2fparser-regex set size:58180 disposed:false
164 silly fetch manifest @serialport/parser-delimiter@10.5.0
165 silly packumentCache full:https://registry.npmjs.org/@serialport%2fparser-delimiter cache-miss
166 http fetch GET 200 https://registry.npmjs.org/@serialport%2fparser-cctalk 12ms (cache hit)
167 silly packumentCache full:https://registry.npmjs.org/@serialport%2fparser-cctalk set size:58687 disposed:false
168 silly fetch manifest @serialport/parser-byte-length@10.5.0
169 silly packumentCache full:https://registry.npmjs.org/@serialport%2fparser-byte-length cache-miss
170 http fetch GET 200 https://registry.npmjs.org/@serialport%2fparser-readline 12ms (cache hit)
171 silly packumentCache full:https://registry.npmjs.org/@serialport%2fparser-readline set size:60363 disposed:false
172 silly fetch manifest @serialport/parser-spacepacket@10.5.0
173 silly packumentCache full:https://registry.npmjs.org/@serialport%2fparser-spacepacket cache-miss
174 http fetch GET 200 https://registry.npmjs.org/@serialport%2fparser-delimiter 17ms (cache hit)
175 silly packumentCache full:https://registry.npmjs.org/@serialport%2fparser-delimiter set size:58805 disposed:false
176 silly fetch manifest @serialport/parser-slip-encoder@10.5.0
177 silly packumentCache full:https://registry.npmjs.org/@serialport%2fparser-slip-encoder cache-miss
178 http fetch GET 200 https://registry.npmjs.org/@serialport%2fparser-byte-length 25ms (cache hit)
179 silly packumentCache full:https://registry.npmjs.org/@serialport%2fparser-byte-length set size:59122 disposed:false
180 silly fetch manifest @serialport/parser-packet-length@10.5.0
181 silly packumentCache full:https://registry.npmjs.org/@serialport%2fparser-packet-length cache-miss
182 http fetch GET 200 https://registry.npmjs.org/@serialport%2fparser-spacepacket 26ms (cache hit)
183 silly packumentCache full:https://registry.npmjs.org/@serialport%2fparser-spacepacket set size:34720 disposed:false
184 silly fetch manifest @serialport/parser-inter-byte-timeout@10.5.0
185 silly packumentCache full:https://registry.npmjs.org/@serialport%2fparser-inter-byte-timeout cache-miss
186 http fetch GET 200 https://registry.npmjs.org/@serialport%2fparser-slip-encoder 17ms (cache hit)
187 silly packumentCache full:https://registry.npmjs.org/@serialport%2fparser-slip-encoder set size:61783 disposed:false
188 http fetch GET 200 https://registry.npmjs.org/@serialport%2fparser-packet-length 14ms (cache hit)
189 silly packumentCache full:https://registry.npmjs.org/@serialport%2fparser-packet-length set size:30339 disposed:false
190 http fetch GET 200 https://registry.npmjs.org/@serialport%2fparser-inter-byte-timeout 13ms (cache hit)
191 silly packumentCache full:https://registry.npmjs.org/@serialport%2fparser-inter-byte-timeout set size:52699 disposed:false
192 silly placeDep ROOT @serialport/bindings-cpp@12.0.1 OK for: @serialport/list@12.0.0 want: 12.0.1
193 silly placeDep ROOT commander@11.0.0 OK for: @serialport/list@12.0.0 want: 11.0.0
194 silly fetch manifest node-addon-api@7.0.0
195 silly packumentCache full:https://registry.npmjs.org/node-addon-api cache-miss
196 silly fetch manifest node-gyp-build@4.6.0
197 silly packumentCache full:https://registry.npmjs.org/node-gyp-build cache-miss
198 silly fetch manifest @serialport/parser-readline@11.0.0
199 silly packumentCache full:https://registry.npmjs.org/@serialport%2fparser-readline cache-hit
200 silly fetch manifest @serialport/bindings-interface@1.2.2
201 silly packumentCache full:https://registry.npmjs.org/@serialport%2fbindings-interface cache-miss
202 http fetch GET 200 https://registry.npmjs.org/node-gyp-build 66ms (cache miss)
203 silly packumentCache full:https://registry.npmjs.org/node-gyp-build set size:undefined disposed:false
204 http fetch GET 200 https://registry.npmjs.org/node-addon-api 88ms (cache miss)
205 silly packumentCache full:https://registry.npmjs.org/node-addon-api set size:undefined disposed:false
206 http fetch GET 200 https://registry.npmjs.org/@serialport%2fbindings-interface 109ms (cache miss)
207 silly packumentCache full:https://registry.npmjs.org/@serialport%2fbindings-interface set size:undefined disposed:false
208 silly placeDep ROOT @serialport/bindings-interface@1.2.2 OK for: @serialport/bindings-cpp@12.0.1 want: 1.2.2
209 silly placeDep ROOT @serialport/parser-readline@11.0.0 OK for: @serialport/bindings-cpp@12.0.1 want: 11.0.0
210 silly placeDep node_modules/@serialport/bindings-cpp debug@4.3.4 OK for: @serialport/bindings-cpp@12.0.1 want: 4.3.4
211 silly placeDep ROOT node-addon-api@7.0.0 OK for: @serialport/bindings-cpp@12.0.1 want: 7.0.0
212 silly placeDep ROOT node-gyp-build@4.6.0 OK for: @serialport/bindings-cpp@12.0.1 want: 4.6.0
213 silly fetch manifest @serialport/parser-delimiter@11.0.0
214 silly packumentCache full:https://registry.npmjs.org/@serialport%2fparser-delimiter cache-hit
215 silly fetch manifest ms@2.1.2
216 silly packumentCache full:https://registry.npmjs.org/ms cache-miss
217 http fetch GET 200 https://registry.npmjs.org/ms 42ms (cache revalidated)
218 silly packumentCache full:https://registry.npmjs.org/ms set size:92208 disposed:false
219 silly placeDep ROOT @serialport/parser-delimiter@11.0.0 OK for: @serialport/parser-readline@11.0.0 want: 11.0.0
220 silly placeDep ROOT crc@3.4.0 OK for: jsmodbus@4.0.10 want: 3.4.0
221 silly placeDep node_modules/jsmodbus debug@3.2.7 OK for: jsmodbus@4.0.10 want: ^3.1.0
222 silly placeDep ROOT @serialport/binding-mock@10.2.2 OK for: serialport@12.0.0 want: 10.2.2
223 silly placeDep ROOT @serialport/parser-byte-length@12.0.0 OK for: serialport@12.0.0 want: 12.0.0
224 silly placeDep ROOT @serialport/parser-cctalk@12.0.0 OK for: serialport@12.0.0 want: 12.0.0
225 silly placeDep node_modules/serialport @serialport/parser-delimiter@12.0.0 OK for: serialport@12.0.0 want: 12.0.0
226 silly placeDep ROOT @serialport/parser-inter-byte-timeout@12.0.0 OK for: serialport@12.0.0 want: 12.0.0
227 silly placeDep ROOT @serialport/parser-packet-length@12.0.0 OK for: serialport@12.0.0 want: 12.0.0
228 silly placeDep node_modules/serialport @serialport/parser-readline@12.0.0 OK for: serialport@12.0.0 want: 12.0.0
229 silly placeDep ROOT @serialport/parser-ready@12.0.0 OK for: serialport@12.0.0 want: 12.0.0
230 silly placeDep ROOT @serialport/parser-regex@12.0.0 OK for: serialport@12.0.0 want: 12.0.0
231 silly placeDep ROOT @serialport/parser-slip-encoder@12.0.0 OK for: serialport@12.0.0 want: 12.0.0
232 silly placeDep ROOT @serialport/parser-spacepacket@12.0.0 OK for: serialport@12.0.0 want: 12.0.0
233 silly placeDep ROOT @serialport/stream@12.0.0 OK for: serialport@12.0.0 want: 12.0.0
234 silly placeDep node_modules/serialport debug@4.3.4 OK for: serialport@12.0.0 want: 4.3.4
235 silly placeDep node_modules/@serialport/stream debug@4.3.4 OK for: @serialport/stream@12.0.0 want: 4.3.4
236 silly placeDep ROOT buffer-from@1.1.2 OK for: source-map-support@0.5.21 want: ^1.0.0
237 silly placeDep ROOT source-map@0.6.1 OK for: source-map-support@0.5.21 want: ^0.6.0
238 silly placeDep node_modules/@openp4nr/modbus-serial @serialport/bindings-cpp@10.8.0 OK for: serialport@10.5.0 want: 10.8.0
239 silly placeDep node_modules/@openp4nr/modbus-serial @serialport/parser-byte-length@10.5.0 OK for: serialport@10.5.0 want: 10.5.0
240 silly placeDep node_modules/@openp4nr/modbus-serial @serialport/parser-cctalk@10.5.0 OK for: serialport@10.5.0 want: 10.5.0
241 silly placeDep node_modules/@openp4nr/modbus-serial @serialport/parser-delimiter@10.5.0 OK for: serialport@10.5.0 want: 10.5.0
242 silly placeDep node_modules/@openp4nr/modbus-serial @serialport/parser-inter-byte-timeout@10.5.0 OK for: serialport@10.5.0 want: 10.5.0
243 silly placeDep node_modules/@openp4nr/modbus-serial @serialport/parser-packet-length@10.5.0 OK for: serialport@10.5.0 want: 10.5.0
244 silly placeDep node_modules/@openp4nr/modbus-serial @serialport/parser-readline@10.5.0 OK for: serialport@10.5.0 want: 10.5.0
245 silly placeDep node_modules/@openp4nr/modbus-serial @serialport/parser-ready@10.5.0 OK for: serialport@10.5.0 want: 10.5.0
246 silly placeDep node_modules/@openp4nr/modbus-serial @serialport/parser-regex@10.5.0 OK for: serialport@10.5.0 want: 10.5.0
247 silly placeDep node_modules/@openp4nr/modbus-serial @serialport/parser-slip-encoder@10.5.0 OK for: serialport@10.5.0 want: 10.5.0
248 silly placeDep node_modules/@openp4nr/modbus-serial @serialport/parser-spacepacket@10.5.0 OK for: serialport@10.5.0 want: 10.5.0
249 silly placeDep node_modules/@openp4nr/modbus-serial @serialport/stream@10.5.0 OK for: serialport@10.5.0 want: 10.5.0
250 silly fetch manifest node-addon-api@^5.0.0
251 silly packumentCache full:https://registry.npmjs.org/node-addon-api cache-miss
252 silly fetch manifest @serialport/parser-readline@^10.2.1
253 silly packumentCache full:https://registry.npmjs.org/@serialport%2fparser-readline cache-hit
254 http fetch GET 200 https://registry.npmjs.org/node-addon-api 19ms (cache hit)
255 silly packumentCache full:https://registry.npmjs.org/node-addon-api set size:328136 disposed:false
256 silly placeDep node_modules/@openp4nr/modbus-serial node-addon-api@5.1.0 OK for: @serialport/bindings-cpp@10.8.0 want: ^5.0.0
257 silly placeDep node_modules/@serialport/bindings-cpp ms@2.1.2 OK for: debug@4.3.4 want: 2.1.2
258 silly placeDep node_modules/@serialport/stream ms@2.1.2 OK for: debug@4.3.4 want: 2.1.2
259 silly placeDep node_modules/serialport ms@2.1.2 OK for: debug@4.3.4 want: 2.1.2
260 silly reify moves {}
261 silly tarball no local data for buffer-from@https://registry.npmjs.org/buffer-from/-/buffer-from-1.1.2.tgz. Extracting by manifest.
262 silly tarball no local data for source-map@https://registry.npmjs.org/source-map/-/source-map-0.6.1.tgz. Extracting by manifest.
263 silly tarball no local data for @serialport/stream@https://registry.npmjs.org/@serialport/stream/-/stream-12.0.0.tgz. Extracting by manifest.
264 silly tarball no local data for @serialport/parser-spacepacket@https://registry.npmjs.org/@serialport/parser-spacepacket/-/parser-spacepacket-12.0.0.tgz. Extracting by manifest.
265 silly tarball no local data for @serialport/parser-slip-encoder@https://registry.npmjs.org/@serialport/parser-slip-encoder/-/parser-slip-encoder-12.0.0.tgz. Extracting by manifest.
266 silly tarball no local data for @serialport/parser-regex@https://registry.npmjs.org/@serialport/parser-regex/-/parser-regex-12.0.0.tgz. Extracting by manifest.
267 silly tarball no local data for @serialport/parser-ready@https://registry.npmjs.org/@serialport/parser-ready/-/parser-ready-12.0.0.tgz. Extracting by manifest.
268 silly tarball no local data for @serialport/parser-packet-length@https://registry.npmjs.org/@serialport/parser-packet-length/-/parser-packet-length-12.0.0.tgz. Extracting by manifest.
269 silly tarball no local data for @serialport/parser-inter-byte-timeout@https://registry.npmjs.org/@serialport/parser-inter-byte-timeout/-/parser-inter-byte-timeout-12.0.0.tgz. Extracting by manifest.
270 silly tarball no local data for @serialport/parser-cctalk@https://registry.npmjs.org/@serialport/parser-cctalk/-/parser-cctalk-12.0.0.tgz. Extracting by manifest.
271 silly tarball no local data for @serialport/parser-byte-length@https://registry.npmjs.org/@serialport/parser-byte-length/-/parser-byte-length-12.0.0.tgz. Extracting by manifest.
272 silly tarball no local data for @serialport/binding-mock@https://registry.npmjs.org/@serialport/binding-mock/-/binding-mock-10.2.2.tgz. Extracting by manifest.
273 silly tarball no local data for crc@https://registry.npmjs.org/crc/-/crc-3.4.0.tgz. Extracting by manifest.
274 silly tarball no local data for @serialport/parser-delimiter@https://registry.npmjs.org/@serialport/parser-delimiter/-/parser-delimiter-11.0.0.tgz. Extracting by manifest.
275 silly tarball no local data for node-gyp-build@https://registry.npmjs.org/node-gyp-build/-/node-gyp-build-4.6.0.tgz. Extracting by manifest.
276 silly tarball no local data for node-addon-api@https://registry.npmjs.org/node-addon-api/-/node-addon-api-7.0.0.tgz. Extracting by manifest.
277 silly tarball no local data for @serialport/parser-readline@https://registry.npmjs.org/@serialport/parser-readline/-/parser-readline-11.0.0.tgz. Extracting by manifest.
278 silly tarball no local data for @serialport/bindings-interface@https://registry.npmjs.org/@serialport/bindings-interface/-/bindings-interface-1.2.2.tgz. Extracting by manifest.
279 silly tarball no local data for commander@https://registry.npmjs.org/commander/-/commander-11.0.0.tgz. Extracting by manifest.
280 silly tarball no local data for @serialport/bindings-cpp@https://registry.npmjs.org/@serialport/bindings-cpp/-/bindings-cpp-12.0.1.tgz. Extracting by manifest.
281 silly tarball no local data for underscore@https://registry.npmjs.org/underscore/-/underscore-1.13.7.tgz. Extracting by manifest.
282 silly tarball no local data for source-map-support@https://registry.npmjs.org/source-map-support/-/source-map-support-0.5.21.tgz. Extracting by manifest.
283 silly tarball no local data for serialport@https://registry.npmjs.org/serialport/-/serialport-12.0.0.tgz. Extracting by manifest.
284 silly tarball no local data for line-by-line@https://registry.npmjs.org/line-by-line/-/line-by-line-0.1.6.tgz. Extracting by manifest.
285 silly tarball no local data for jsmodbus@https://registry.npmjs.org/jsmodbus/-/jsmodbus-4.0.10.tgz. Extracting by manifest.
286 silly tarball no local data for bson@https://registry.npmjs.org/bson/-/bson-6.9.1.tgz. Extracting by manifest.
287 silly tarball no local data for @serialport/list@https://registry.npmjs.org/@serialport/list/-/list-12.0.0.tgz. Extracting by manifest.
288 silly tarball no local data for node-red-contrib-modbus@https://registry.npmjs.org/node-red-contrib-modbus/-/node-red-contrib-modbus-5.45.2.tgz. Extracting by manifest.
289 silly tarball no local data for ms@https://registry.npmjs.org/ms/-/ms-2.1.2.tgz. Extracting by manifest.
290 silly tarball no local data for debug@https://registry.npmjs.org/debug/-/debug-4.3.4.tgz. Extracting by manifest.
291 silly tarball no local data for ms@https://registry.npmjs.org/ms/-/ms-2.1.2.tgz. Extracting by manifest.
292 silly tarball no local data for debug@https://registry.npmjs.org/debug/-/debug-4.3.4.tgz. Extracting by manifest.
293 silly tarball no local data for ms@https://registry.npmjs.org/ms/-/ms-2.1.2.tgz. Extracting by manifest.
294 silly tarball no local data for debug@https://registry.npmjs.org/debug/-/debug-4.3.4.tgz. Extracting by manifest.
295 silly tarball no local data for @serialport/parser-readline@https://registry.npmjs.org/@serialport/parser-readline/-/parser-readline-12.0.0.tgz. Extracting by manifest.
296 silly tarball no local data for @xstate/fsm@https://registry.npmjs.org/@xstate/fsm/-/fsm-2.1.0.tgz. Extracting by manifest.
297 silly tarball no local data for @serialport/parser-delimiter@https://registry.npmjs.org/@serialport/parser-delimiter/-/parser-delimiter-12.0.0.tgz. Extracting by manifest.
298 silly tarball no local data for debug@https://registry.npmjs.org/debug/-/debug-3.2.7.tgz. Extracting by manifest.
299 silly tarball no local data for node-addon-api@https://registry.npmjs.org/node-addon-api/-/node-addon-api-5.1.0.tgz. Extracting by manifest.
300 silly tarball no local data for @serialport/stream@https://registry.npmjs.org/@serialport/stream/-/stream-10.5.0.tgz. Extracting by manifest.
301 silly tarball no local data for @serialport/parser-spacepacket@https://registry.npmjs.org/@serialport/parser-spacepacket/-/parser-spacepacket-10.5.0.tgz. Extracting by manifest.
302 silly tarball no local data for @serialport/parser-slip-encoder@https://registry.npmjs.org/@serialport/parser-slip-encoder/-/parser-slip-encoder-10.5.0.tgz. Extracting by manifest.
303 silly tarball no local data for @serialport/parser-regex@https://registry.npmjs.org/@serialport/parser-regex/-/parser-regex-10.5.0.tgz. Extracting by manifest.
304 silly tarball no local data for @serialport/parser-ready@https://registry.npmjs.org/@serialport/parser-ready/-/parser-ready-10.5.0.tgz. Extracting by manifest.
305 silly tarball no local data for @serialport/parser-readline@https://registry.npmjs.org/@serialport/parser-readline/-/parser-readline-10.5.0.tgz. Extracting by manifest.
306 silly tarball no local data for @serialport/parser-packet-length@https://registry.npmjs.org/@serialport/parser-packet-length/-/parser-packet-length-10.5.0.tgz. Extracting by manifest.
307 silly tarball no local data for @serialport/parser-inter-byte-timeout@https://registry.npmjs.org/@serialport/parser-inter-byte-timeout/-/parser-inter-byte-timeout-10.5.0.tgz. Extracting by manifest.
308 silly tarball no local data for @serialport/parser-delimiter@https://registry.npmjs.org/@serialport/parser-delimiter/-/parser-delimiter-10.5.0.tgz. Extracting by manifest.
309 silly tarball no local data for @serialport/parser-cctalk@https://registry.npmjs.org/@serialport/parser-cctalk/-/parser-cctalk-10.5.0.tgz. Extracting by manifest.
310 silly tarball no local data for @serialport/parser-byte-length@https://registry.npmjs.org/@serialport/parser-byte-length/-/parser-byte-length-10.5.0.tgz. Extracting by manifest.
311 silly tarball no local data for @serialport/bindings-cpp@https://registry.npmjs.org/@serialport/bindings-cpp/-/bindings-cpp-10.8.0.tgz. Extracting by manifest.
312 silly tarball no local data for serialport@https://registry.npmjs.org/serialport/-/serialport-10.5.0.tgz. Extracting by manifest.
313 silly tarball no local data for debug@https://registry.npmjs.org/debug/-/debug-4.3.7.tgz. Extracting by manifest.
314 http fetch GET 200 https://registry.npmjs.org/buffer-from/-/buffer-from-1.1.2.tgz 144ms (cache miss)
315 http fetch GET 200 https://registry.npmjs.org/@serialport/stream/-/stream-12.0.0.tgz 161ms (cache miss)
316 http fetch GET 200 https://registry.npmjs.org/@serialport/parser-readline/-/parser-readline-11.0.0.tgz 259ms (cache miss)
317 http fetch GET 200 https://registry.npmjs.org/source-map/-/source-map-0.6.1.tgz 273ms (cache miss)
318 http fetch GET 200 https://registry.npmjs.org/node-addon-api/-/node-addon-api-7.0.0.tgz 270ms (cache miss)
319 http fetch GET 200 https://registry.npmjs.org/@serialport/parser-slip-encoder/-/parser-slip-encoder-12.0.0.tgz 336ms (cache miss)
320 http fetch GET 200 https://registry.npmjs.org/@serialport/parser-regex/-/parser-regex-12.0.0.tgz 336ms (cache miss)
321 http fetch GET 200 https://registry.npmjs.org/commander/-/commander-11.0.0.tgz 327ms (cache miss)
322 http fetch GET 200 https://registry.npmjs.org/@serialport/bindings-interface/-/bindings-interface-1.2.2.tgz 344ms (cache miss)
323 http fetch GET 200 https://registry.npmjs.org/@serialport/parser-ready/-/parser-ready-12.0.0.tgz 355ms (cache miss)
324 http fetch GET 200 https://registry.npmjs.org/@serialport/parser-inter-byte-timeout/-/parser-inter-byte-timeout-12.0.0.tgz 353ms (cache miss)
325 http fetch GET 200 https://registry.npmjs.org/@serialport/parser-byte-length/-/parser-byte-length-12.0.0.tgz 355ms (cache miss)
326 http fetch GET 200 https://registry.npmjs.org/@serialport/parser-packet-length/-/parser-packet-length-12.0.0.tgz 358ms (cache miss)
327 http fetch GET 200 https://registry.npmjs.org/@serialport/parser-spacepacket/-/parser-spacepacket-12.0.0.tgz 366ms (cache miss)
328 http fetch GET 200 https://registry.npmjs.org/@serialport/parser-delimiter/-/parser-delimiter-11.0.0.tgz 413ms (cache miss)
329 http fetch GET 200 https://registry.npmjs.org/node-gyp-build/-/node-gyp-build-4.6.0.tgz 416ms (cache miss)
330 http fetch GET 200 https://registry.npmjs.org/crc/-/crc-3.4.0.tgz 432ms (cache miss)
331 http fetch GET 200 https://registry.npmjs.org/source-map-support/-/source-map-support-0.5.21.tgz 427ms (cache miss)
332 http fetch GET 200 https://registry.npmjs.org/@serialport/binding-mock/-/binding-mock-10.2.2.tgz 463ms (cache miss)
333 http fetch GET 200 https://registry.npmjs.org/line-by-line/-/line-by-line-0.1.6.tgz 470ms (cache miss)
334 http fetch GET 200 https://registry.npmjs.org/serialport/-/serialport-12.0.0.tgz 484ms (cache miss)
335 http fetch GET 200 https://registry.npmjs.org/@serialport/parser-cctalk/-/parser-cctalk-12.0.0.tgz 496ms (cache miss)
336 http fetch GET 200 https://registry.npmjs.org/ms/-/ms-2.1.2.tgz 500ms (cache miss)
337 http fetch GET 200 https://registry.npmjs.org/ms/-/ms-2.1.2.tgz 540ms (cache miss)
338 http fetch GET 200 https://registry.npmjs.org/debug/-/debug-4.3.4.tgz 541ms (cache miss)
339 http fetch GET 200 https://registry.npmjs.org/ms/-/ms-2.1.2.tgz 548ms (cache miss)
340 http fetch GET 200 https://registry.npmjs.org/debug/-/debug-4.3.4.tgz 552ms (cache miss)
341 http fetch GET 200 https://registry.npmjs.org/jsmodbus/-/jsmodbus-4.0.10.tgz 642ms (cache miss)
342 http fetch GET 200 https://registry.npmjs.org/@serialport/parser-readline/-/parser-readline-12.0.0.tgz 627ms (cache miss)
343 http fetch GET 200 https://registry.npmjs.org/@serialport/stream/-/stream-10.5.0.tgz 633ms (cache miss)
344 http fetch GET 200 https://registry.npmjs.org/@serialport/parser-delimiter/-/parser-delimiter-12.0.0.tgz 659ms (cache miss)
345 http fetch GET 200 https://registry.npmjs.org/debug/-/debug-4.3.4.tgz 669ms (cache miss)
346 http fetch GET 200 https://registry.npmjs.org/@serialport/parser-slip-encoder/-/parser-slip-encoder-10.5.0.tgz 664ms (cache miss)
347 http fetch GET 200 https://registry.npmjs.org/@serialport/parser-regex/-/parser-regex-10.5.0.tgz 672ms (cache miss)
348 http fetch GET 200 https://registry.npmjs.org/@serialport/parser-ready/-/parser-ready-10.5.0.tgz 679ms (cache miss)
349 http fetch GET 200 https://registry.npmjs.org/@xstate/fsm/-/fsm-2.1.0.tgz 703ms (cache miss)
350 http fetch GET 200 https://registry.npmjs.org/@serialport/parser-spacepacket/-/parser-spacepacket-10.5.0.tgz 701ms (cache miss)
351 http fetch GET 200 https://registry.npmjs.org/debug/-/debug-3.2.7.tgz 721ms (cache miss)
352 http fetch GET 200 https://registry.npmjs.org/@serialport/parser-packet-length/-/parser-packet-length-10.5.0.tgz 720ms (cache miss)
353 http fetch GET 200 https://registry.npmjs.org/@serialport/parser-readline/-/parser-readline-10.5.0.tgz 723ms (cache miss)
354 http fetch GET 200 https://registry.npmjs.org/@serialport/parser-delimiter/-/parser-delimiter-10.5.0.tgz 721ms (cache miss)
355 http fetch GET 200 https://registry.npmjs.org/@serialport/parser-inter-byte-timeout/-/parser-inter-byte-timeout-10.5.0.tgz 725ms (cache miss)
356 http fetch GET 200 https://registry.npmjs.org/serialport/-/serialport-10.5.0.tgz 746ms (cache miss)
357 http fetch GET 200 https://registry.npmjs.org/debug/-/debug-4.3.7.tgz 760ms (cache miss)
358 http fetch GET 200 https://registry.npmjs.org/@serialport/parser-byte-length/-/parser-byte-length-10.5.0.tgz 769ms (cache miss)
359 http fetch GET 200 https://registry.npmjs.org/node-addon-api/-/node-addon-api-5.1.0.tgz 781ms (cache miss)
360 http fetch GET 200 https://registry.npmjs.org/@serialport/parser-cctalk/-/parser-cctalk-10.5.0.tgz 775ms (cache miss)
361 http fetch GET 200 https://registry.npmjs.org/@serialport/bindings-cpp/-/bindings-cpp-12.0.1.tgz 869ms (cache miss)
362 http fetch GET 200 https://registry.npmjs.org/bson/-/bson-6.9.1.tgz 884ms (cache miss)
363 http fetch GET 200 https://registry.npmjs.org/underscore/-/underscore-1.13.7.tgz 912ms (cache miss)
364 http fetch GET 200 https://registry.npmjs.org/@serialport/list/-/list-12.0.0.tgz 988ms (cache miss)
365 http fetch GET 200 https://registry.npmjs.org/@serialport/bindings-cpp/-/bindings-cpp-10.8.0.tgz 1157ms (cache miss)
366 http fetch GET 200 https://registry.npmjs.org/node-red-contrib-modbus/-/node-red-contrib-modbus-5.45.2.tgz 1708ms (cache miss)
367 info run @serialport/bindings-cpp@12.0.1 install node_modules/@serialport/bindings-cpp node-gyp-build
368 info run @serialport/bindings-cpp@10.8.0 install node_modules/@openp4nr/modbus-serial/node_modules/@serialport/bindings-cpp node-gyp-build
369 info run @serialport/bindings-cpp@10.8.0 install { code: 0, signal: null }
370 info run @serialport/bindings-cpp@12.0.1 install { code: 0, signal: null }
371 silly ADD node_modules/source-map
372 silly ADD node_modules/buffer-from
373 silly ADD node_modules/@serialport/stream
374 silly ADD node_modules/@serialport/stream/node_modules/ms
375 silly ADD node_modules/@serialport/stream/node_modules/debug
376 silly ADD node_modules/@serialport/parser-spacepacket
377 silly ADD node_modules/@serialport/parser-slip-encoder
378 silly ADD node_modules/@serialport/parser-regex
379 silly ADD node_modules/@serialport/parser-ready
380 silly ADD node_modules/@serialport/parser-packet-length
381 silly ADD node_modules/@serialport/parser-inter-byte-timeout
382 silly ADD node_modules/@serialport/parser-cctalk
383 silly ADD node_modules/@serialport/parser-byte-length
384 silly ADD node_modules/@serialport/binding-mock
385 silly ADD node_modules/crc
386 silly ADD node_modules/@serialport/parser-delimiter
387 silly ADD node_modules/node-gyp-build
388 silly ADD node_modules/node-addon-api
389 silly ADD node_modules/@serialport/parser-readline
390 silly ADD node_modules/@serialport/bindings-interface
391 silly ADD node_modules/commander
392 silly ADD node_modules/@serialport/bindings-cpp
393 silly ADD node_modules/@serialport/bindings-cpp/node_modules/ms
394 silly ADD node_modules/@serialport/bindings-cpp/node_modules/debug
395 silly ADD node_modules/underscore
396 silly ADD node_modules/source-map-support
397 silly ADD node_modules/serialport
398 silly ADD node_modules/serialport/node_modules/ms
399 silly ADD node_modules/serialport/node_modules/debug
400 silly ADD node_modules/serialport/node_modules/@serialport/parser-readline
401 silly ADD node_modules/serialport/node_modules/@serialport/parser-delimiter
402 silly ADD node_modules/line-by-line
403 silly ADD node_modules/jsmodbus
404 silly ADD node_modules/jsmodbus/node_modules/debug
405 silly ADD node_modules/bson
406 silly ADD node_modules/@xstate/fsm
407 silly ADD node_modules/@serialport/list
408 silly ADD node_modules/@openp4nr/modbus-serial
409 silly ADD node_modules/@openp4nr/modbus-serial/node_modules/node-addon-api
410 silly ADD node_modules/@openp4nr/modbus-serial/node_modules/@serialport/stream
411 silly ADD node_modules/@openp4nr/modbus-serial/node_modules/@serialport/parser-spacepacket
412 silly ADD node_modules/@openp4nr/modbus-serial/node_modules/@serialport/parser-slip-encoder
413 silly ADD node_modules/@openp4nr/modbus-serial/node_modules/@serialport/parser-regex
414 silly ADD node_modules/@openp4nr/modbus-serial/node_modules/@serialport/parser-ready
415 silly ADD node_modules/@openp4nr/modbus-serial/node_modules/@serialport/parser-readline
416 silly ADD node_modules/@openp4nr/modbus-serial/node_modules/@serialport/parser-packet-length
417 silly ADD node_modules/@openp4nr/modbus-serial/node_modules/@serialport/parser-inter-byte-timeout
418 silly ADD node_modules/@openp4nr/modbus-serial/node_modules/@serialport/parser-delimiter
419 silly ADD node_modules/@openp4nr/modbus-serial/node_modules/@serialport/parser-cctalk
420 silly ADD node_modules/@openp4nr/modbus-serial/node_modules/@serialport/parser-byte-length
421 silly ADD node_modules/@openp4nr/modbus-serial/node_modules/@serialport/bindings-cpp
422 silly ADD node_modules/@openp4nr/modbus-serial/node_modules/serialport
423 silly ADD node_modules/node-red-contrib-modbus
424 silly ADD node_modules/node-red-contrib-modbus/node_modules/debug
425 verbose cwd /data
426 verbose os Linux 6.12.25+rpt-rpi-2712
427 verbose node v20.19.5
428 verbose npm  v10.8.2
429 verbose exit 0
430 info ok
