0 verbose cli /usr/local/bin/node /usr/local/bin/npm
1 info using npm@10.8.2
2 info using node@v20.19.5
3 silly config load:file:/usr/local/lib/node_modules/npm/npmrc
4 silly config load:file:/data/.npmrc
5 silly config load:file:/usr/src/node-red/.npmrc
6 silly config load:file:/usr/local/etc/npmrc
7 verbose title npm install node-red-contrib-mystrom-switch@2.1.0
8 verbose argv "install" "--no-audit" "--no-update-notifier" "--no-fund" "--save" "--save-prefix" "~" "--omit" "dev" "--engine-strict" "node-red-contrib-mystrom-switch@2.1.0"
9 verbose logfile logs-max:10 dir:/data/.npm/_logs/2026-01-03T20_11_03_231Z-
10 verbose logfile /data/.npm/_logs/2026-01-03T20_11_03_231Z-debug-0.log
11 silly packumentCache heap:2197815296 maxSize:549453824 maxEntrySize:274726912
12 silly logfile done cleaning log files
13 silly idealTree buildDeps
14 silly fetch manifest node-red-contrib-mystrom-switch@2.1.0
15 silly packumentCache full:https://registry.npmjs.org/node-red-contrib-mystrom-switch cache-miss
16 http fetch GET 200 https://registry.npmjs.org/node-red-contrib-mystrom-switch 777ms (cache miss)
17 silly packumentCache full:https://registry.npmjs.org/node-red-contrib-mystrom-switch set size:undefined disposed:false
18 silly placeDep ROOT node-red-contrib-mystrom-switch@2.1.0 OK for: node-red-project@0.0.1 want: 2.1.0
19 silly fetch manifest axios@^0.21.1
20 silly packumentCache full:https://registry.npmjs.org/axios cache-miss
21 http fetch GET 200 https://registry.npmjs.org/axios 80ms (cache revalidated)
22 silly packumentCache full:https://registry.npmjs.org/axios set size:733991 disposed:false
23 silly placeDep node_modules/node-red-contrib-mystrom-switch axios@0.21.4 OK for: node-red-contrib-mystrom-switch@2.1.0 want: ^0.21.1
24 silly reify moves {}
25 silly tarball no local data for node-red-contrib-mystrom-switch@https://registry.npmjs.org/node-red-contrib-mystrom-switch/-/node-red-contrib-mystrom-switch-2.1.0.tgz. Extracting by manifest.
26 silly tarball no local data for axios@https://registry.npmjs.org/axios/-/axios-0.21.4.tgz. Extracting by manifest.
27 http fetch GET 200 https://registry.npmjs.org/node-red-contrib-mystrom-switch/-/node-red-contrib-mystrom-switch-2.1.0.tgz 113ms (cache miss)
28 http fetch GET 200 https://registry.npmjs.org/axios/-/axios-0.21.4.tgz 189ms (cache miss)
29 silly ADD node_modules/node-red-contrib-mystrom-switch
30 silly ADD node_modules/node-red-contrib-mystrom-switch/node_modules/axios
31 verbose cwd /data
32 verbose os Linux 6.12.25+rpt-rpi-2712
33 verbose node v20.19.5
34 verbose npm  v10.8.2
35 verbose exit 0
36 info ok
